0 info it worked if it ends with ok
1 verbose cli [ 'C:\\Program Files\\nodejs\\node.exe',
1 verbose cli   'C:\\Program Files\\nodejs\\node_modules\\npm\\bin\\npm-cli.js',
1 verbose cli   'install',
1 verbose cli   'pdfkit' ]
2 info using npm@2.14.7
3 info using node@v4.2.2
4 verbose install initial load of C:\Users\Alessandro.Holanda.GRUPO_ALTAMIRA\Documents\git\lambda\nfe-pdf-viewer\package.json
5 warn package.json s3-check-for-valid-nfe-xml-files@1.0.0 No README data
6 verbose installManyTop reading scoped package data from C:\Users\Alessandro.Holanda.GRUPO_ALTAMIRA\Documents\git\lambda\nfe-pdf-viewer\node_modules\amazon-s3-url-signer\package.json
7 verbose installManyTop reading scoped package data from C:\Users\Alessandro.Holanda.GRUPO_ALTAMIRA\Documents\git\lambda\nfe-pdf-viewer\node_modules\aws-cloudfront-sign\package.json
8 info package.json amazon-s3-url-signer@0.0.7 license should be a valid SPDX license expression
9 verbose readDependencies loading dependencies from C:\Users\Alessandro.Holanda.GRUPO_ALTAMIRA\Documents\git\lambda\nfe-pdf-viewer\package.json
10 silly cache add args [ 'pdfkit', null ]
11 verbose cache add spec pdfkit
12 silly cache add parsed spec Result {
12 silly cache add   raw: 'pdfkit',
12 silly cache add   scope: null,
12 silly cache add   name: 'pdfkit',
12 silly cache add   rawSpec: '',
12 silly cache add   spec: '*',
12 silly cache add   type: 'range' }
13 silly addNamed pdfkit@*
14 verbose addNamed "*" is a valid semver range for pdfkit
15 silly addNameRange { name: 'pdfkit', range: '*', hasData: false }
16 silly mapToRegistry name pdfkit
17 silly mapToRegistry using default registry
18 silly mapToRegistry registry https://registry.npmjs.org/
19 silly mapToRegistry uri https://registry.npmjs.org/pdfkit
20 verbose addNameRange registry:https://registry.npmjs.org/pdfkit not in flight; fetching
21 verbose request uri https://registry.npmjs.org/pdfkit
22 verbose request no auth needed
23 info attempt registry request try #1 at 23:40:36
24 verbose request id efb53bdb8046b7ae
25 http request GET https://registry.npmjs.org/pdfkit
26 info retry will retry, error on last attempt: Error: getaddrinfo ENOTFOUND registry.npmjs.org registry.npmjs.org:443
27 info attempt registry request try #2 at 23:40:46
28 http request GET https://registry.npmjs.org/pdfkit
29 info retry will retry, error on last attempt: Error: getaddrinfo ENOTFOUND registry.npmjs.org registry.npmjs.org:443
30 info attempt registry request try #3 at 23:41:46
31 http request GET https://registry.npmjs.org/pdfkit
32 verbose stack Error: getaddrinfo ENOTFOUND registry.npmjs.org registry.npmjs.org:443
32 verbose stack     at errnoException (dns.js:26:10)
32 verbose stack     at GetAddrInfoReqWrap.onlookup [as oncomplete] (dns.js:77:26)
33 verbose cwd C:\Users\Alessandro.Holanda.GRUPO_ALTAMIRA\Documents\git\lambda\nfe-pdf-viewer
34 error Windows_NT 6.3.9600
35 error argv "C:\\Program Files\\nodejs\\node.exe" "C:\\Program Files\\nodejs\\node_modules\\npm\\bin\\npm-cli.js" "install" "pdfkit"
36 error node v4.2.2
37 error npm  v2.14.7
38 error code ENOTFOUND
39 error errno ENOTFOUND
40 error syscall getaddrinfo
41 error network getaddrinfo ENOTFOUND registry.npmjs.org registry.npmjs.org:443
41 error network This is most likely not a problem with npm itself
41 error network and is related to network connectivity.
41 error network In most cases you are behind a proxy or have bad network settings.
41 error network
41 error network If you are behind a proxy, please make sure that the
41 error network 'proxy' config is set properly.  See: 'npm help config'
42 verbose exit [ 1, true ]
